<?xml version="1.0" encoding="UTF-8"?>
<!-- Generated by org.testng.reporters.JUnitXMLReporter -->
<testsuite ignored="0" hostname="DESKTOP-P3VSL9N" failures="0" tests="3" name="Default test" time="19.145" errors="0" timestamp="2024-01-23T04:15:40 IST">
  <testcase classname="docker_seleniumGrid.DevopsAssignmnt_crossbrowser" name="chrome" time="5.373"/>
  <testcase classname="docker_seleniumGrid.DevopsAssignmnt_crossbrowser" name="edge" time="4.647"/>
  <testcase classname="docker_seleniumGrid.DevopsAssignmnt_crossbrowser" name="firefox" time="9.054"/>
</testsuite> <!-- Default test -->
