<?xml version="1.0" encoding="UTF-8"?>
<!-- Generated by org.testng.reporters.JUnitXMLReporter -->
<testsuite ignored="0" hostname="DESKTOP-P3VSL9N" failures="1" tests="1" name="Test" time="5.114" errors="0" timestamp="2024-01-23T03:26:05 IST">
  <testcase classname="docker_seleniumGrid.DevopsAssignmnt_crossbrowser" name="Browser" time="5.032">
    <failure type="java.lang.NullPointerException" message="Cannot invoke &amp;quot;org.openqa.selenium.WebDriver.get(String)&amp;quot; because &amp;quot;this.driver&amp;quot; is null">
      <![CDATA[java.lang.NullPointerException: Cannot invoke "org.openqa.selenium.WebDriver.get(String)" because "this.driver" is null
at docker_seleniumGrid.DevopsAssignmnt_crossbrowser.Browser(DevopsAssignmnt_crossbrowser.java:30)
at java.base/java.util.ArrayList.forEach(ArrayList.java:1596)
... Removed 25 stack frames]]>
    </failure>
  </testcase> <!-- Browser -->
</testsuite> <!-- Test -->
