<?xml version="1.0" encoding="UTF-8"?>
<testng-results ignored="0" total="3" passed="3" failed="0" skipped="0">
  <reporter-output>
  </reporter-output>
  <suite started-at="2024-01-23T04:15:21 IST" name="Default suite" finished-at="2024-01-23T04:15:40 IST" duration-ms="19145">
    <groups>
    </groups>
    <test started-at="2024-01-23T04:15:21 IST" name="Default test" finished-at="2024-01-23T04:15:40 IST" duration-ms="19145">
      <class name="docker_seleniumGrid.DevopsAssignmnt_crossbrowser">
        <test-method signature="chrome()[pri:1, instance:docker_seleniumGrid.DevopsAssignmnt_crossbrowser@55b7a4e0]" started-at="2024-01-23T04:15:21 IST" name="chrome" finished-at="2024-01-23T04:15:26 IST" duration-ms="5373" status="PASS">
          <reporter-output>
          </reporter-output>
        </test-method> <!-- chrome -->
        <test-method signature="edge()[pri:2, instance:docker_seleniumGrid.DevopsAssignmnt_crossbrowser@55b7a4e0]" started-at="2024-01-23T04:15:26 IST" name="edge" finished-at="2024-01-23T04:15:31 IST" duration-ms="4647" status="PASS">
          <reporter-output>
          </reporter-output>
        </test-method> <!-- edge -->
        <test-method signature="firefox()[pri:3, instance:docker_seleniumGrid.DevopsAssignmnt_crossbrowser@55b7a4e0]" started-at="2024-01-23T04:15:31 IST" name="firefox" finished-at="2024-01-23T04:15:40 IST" duration-ms="9054" status="PASS">
          <reporter-output>
          </reporter-output>
        </test-method> <!-- firefox -->
      </class> <!-- docker_seleniumGrid.DevopsAssignmnt_crossbrowser -->
    </test> <!-- Default test -->
  </suite> <!-- Default suite -->
</testng-results>
